----------------------------------------------------------------
Wed Jun 18 20:13:56 CEST 2014:
Booting Derby version The Apache Software Foundation - Apache Derby - 10.10.2.0 - (1582446): instance a816c00e-0146-b02f-6d54-000004bf3af8 
on database directory E:\Benutzer\Dokumente\NetBeansProjects\WPSMonitor\WPSMonitor\MonitoredData with class loader sun.misc.Launcher$AppClassLoader@1d667df0 
Loaded from file:/E:/Benutzer/.m2/repository/org/apache/derby/derby/10.10.2.0/derby-10.10.2.0.jar
java.vendor=Oracle Corporation
java.runtime.version=1.7.0_60-b19
user.dir=E:\Benutzer\Dokumente\NetBeansProjects\WPSMonitor\WPSMonitor
os.name=Windows 8.1
os.arch=amd64
os.version=6.3
derby.system.home=null
Database Class Loader started - derby.database.classpath=''
----------------------------------------------------------------
Wed Jun 18 20:13:57 CEST 2014:
Booting Derby version The Apache Software Foundation - Apache Derby - 10.10.2.0 - (1582446): instance 286cc01e-0146-b02f-6d54-000004bf3af8 
on database directory E:\Benutzer\Dokumente\NetBeansProjects\WPSMonitor\WPSMonitor\QuartzJobStore with class loader sun.misc.Launcher$AppClassLoader@1d667df0 
Loaded from file:/E:/Benutzer/.m2/repository/org/apache/derby/derby/10.10.2.0/derby-10.10.2.0.jar
java.vendor=Oracle Corporation
java.runtime.version=1.7.0_60-b19
user.dir=E:\Benutzer\Dokumente\NetBeansProjects\WPSMonitor\WPSMonitor
os.name=Windows 8.1
os.arch=amd64
os.version=6.3
derby.system.home=null
Database Class Loader started - derby.database.classpath=''
