----------------------------------------------------------------
Mon Jan 05 17:35:10 CET 2015:
Booting Derby version The Apache Software Foundation - Apache Derby - 10.10.2.0 - (1582446): instance a816c00e-014a-baf3-3bd2-00000650fe10 
on database directory E:\Benutzer\Dokumente\NetBeansProjects\monitor\monitor\Database\MonitoredData with class loader sun.misc.Launcher$AppClassLoader@1d667df0 
Loaded from file:/E:/Benutzer/.m2/repository/org/apache/derby/derby/10.10.2.0/derby-10.10.2.0.jar
java.vendor=Oracle Corporation
java.runtime.version=1.7.0_60-b19
user.dir=E:\Benutzer\Dokumente\NetBeansProjects\monitor\monitor
os.name=Windows 8.1
os.arch=amd64
os.version=6.3
derby.system.home=null
Database Class Loader started - derby.database.classpath=''
----------------------------------------------------------------
Mon Jan 05 17:35:17 CET 2015:
Booting Derby version The Apache Software Foundation - Apache Derby - 10.10.2.0 - (1582446): instance b90cc0e3-014a-baf3-3bd2-00000650fe10 
on database directory E:\Benutzer\Dokumente\NetBeansProjects\monitor\monitor\Database\QuartzJobStore with class loader sun.misc.Launcher$AppClassLoader@1d667df0 
Loaded from file:/E:/Benutzer/.m2/repository/org/apache/derby/derby/10.10.2.0/derby-10.10.2.0.jar
java.vendor=Oracle Corporation
java.runtime.version=1.7.0_60-b19
user.dir=E:\Benutzer\Dokumente\NetBeansProjects\monitor\monitor
os.name=Windows 8.1
os.arch=amd64
os.version=6.3
derby.system.home=null
Database Class Loader started - derby.database.classpath=''
